<?xml version="1.0" encoding="UTF-8"?>
<!DOCTYPE JobConfiguration PUBLIC "" "JobConfig.dtd">
<JobConfiguration JobName="ExampleCycleJob" OutputLevel="INFO">
    <Library Name="libTestSUHH2core"/>
    <!-- <Package Name="SUHH2examples.par" /> -->

   <Cycle Name="uhh2::AnalysisModuleRunner" OutputDirectory="./" PostFix="" TargetLumi="1" >
       <!-- <Cycle Name="uhh2::AnalysisModuleRunner"  RunMode="PROOF" ProofServer="lite://"  ProofWorkDir="/nfs/dust/cms/user/ottjoc/proof-wd/" ProofNodes="2" OutputDirectory="./" PostFix="" TargetLumi="1" > -->
        <InputData Lumi="92270" NEventsMax="100" Type="noMC" Version="TestMetadataIn" Cacheable="False">
            <In FileName="uhh2.AnalysisModuleRunner.noMC.TestMetadataOut.root" Lumi="0.0"/> 
            <InputTree Name="AnalysisTree" /> 
            <OutputTree Name="AnalysisTree" />
        </InputData>                
            
        <UserConfig> 
            <Item Name="readCommonInfo" Value="False" /> 
            <Item Name="AnalysisModule" Value="TestMetadataIn" /> 
        </UserConfig>
    </Cycle>
</JobConfiguration>
